Deploy complete @ Mon Oct 29 2018 08:45:43 GMT-0500 (CDT). added/changed 1 file(s): assets/theme.scss.liquid.
Deploy complete @ Mon Oct 29 2018 08:46:47 GMT-0500 (CDT). added/changed 1 file(s): assets/theme.scss.liquid.
Deploy complete @ Mon Oct 29 2018 08:58:25 GMT-0500 (CDT). added/changed 1 file(s): assets/theme.scss.liquid.
Deploy complete @ Mon Oct 29 2018 08:59:37 GMT-0500 (CDT). added/changed 1 file(s): assets/theme.scss.liquid.
Deploy complete @ Mon Oct 29 2018 09:00:52 GMT-0500 (CDT). added/changed 1 file(s): assets/theme.scss.liquid.
Deploy complete @ Mon Oct 29 2018 09:01:44 GMT-0500 (CDT). removed 1 file(s): assets/scss/header.scss.
Deploy complete @ Mon Oct 29 2018 09:01:48 GMT-0500 (CDT). added/changed 1 file(s): assets/theme.scss.liquid.
Deploy complete @ Mon Oct 29 2018 09:02:49 GMT-0500 (CDT). added/changed 1 file(s): assets/theme.scss.liquid.
Deploy complete @ Mon Oct 29 2018 09:03:56 GMT-0500 (CDT). removed 1 file(s): assets/scss/header.scss.liquid.
Deploy complete @ Mon Oct 29 2018 09:04:05 GMT-0500 (CDT). added/changed 1 file(s): assets/theme.scss.liquid.
Deploy complete @ Mon Oct 29 2018 09:10:04 GMT-0500 (CDT). removed 1 file(s): assets/scss/header.scss.
Deploy complete @ Mon Oct 29 2018 09:10:17 GMT-0500 (CDT). added/changed 1 file(s): assets/theme.scss.liquid.
Deploy complete @ Mon Oct 29 2018 09:11:23 GMT-0500 (CDT). added/changed 1 file(s): assets/___theme.scss.liquid.
Deploy complete @ Mon Oct 29 2018 09:11:25 GMT-0500 (CDT). removed 1 file(s): assets/theme.scss.liquid.
Deploy complete @ Mon Oct 29 2018 09:13:04 GMT-0500 (CDT). added/changed 1 file(s): assets/theme.scss.liquid.
Deploy complete @ Mon Oct 29 2018 09:13:05 GMT-0500 (CDT). removed 1 file(s): assets/___theme.scss.liquid.
Deploy complete @ Mon Oct 29 2018 09:13:17 GMT-0500 (CDT). added/changed 1 file(s): assets/theme.scss.liquid.
Deploy complete @ Mon Oct 29 2018 09:13:21 GMT-0500 (CDT). added/changed 1 file(s): assets/theme.scss.liquid.
Deploy complete @ Mon Oct 29 2018 09:14:52 GMT-0500 (CDT). added/changed 1 file(s): assets/theme.scss.liquid.
Deploy complete @ Mon Oct 29 2018 09:15:22 GMT-0500 (CDT). added/changed 1 file(s): assets/theme.scss.liquid.
Deploy complete @ Mon Oct 29 2018 09:15:59 GMT-0500 (CDT). added/changed 1 file(s): assets/theme.scss.liquid.
Deploy complete @ Mon Oct 29 2018 09:18:00 GMT-0500 (CDT). added/changed 1 file(s): assets/theme.scss.liquid.
Deploy complete @ Mon Oct 29 2018 09:18:26 GMT-0500 (CDT). added/changed 1 file(s): assets/theme.scss.liquid.
Deploy complete @ Mon Oct 29 2018 09:20:18 GMT-0500 (CDT). added/changed 1 file(s): assets/theme.scss.liquid.
Deploy complete @ Mon Oct 29 2018 09:20:21 GMT-0500 (CDT). added/changed 1 file(s): assets/theme.scss.liquid.
Deploy complete @ Mon Oct 29 2018 09:20:29 GMT-0500 (CDT). added/changed 1 file(s): assets/theme.scss.liquid.
Deploy complete @ Mon Oct 29 2018 09:21:56 GMT-0500 (CDT). added/changed 1 file(s): assets/theme.scss.liquid.
Deploy complete @ Mon Oct 29 2018 09:23:53 GMT-0500 (CDT). added/changed 1 file(s): assets/theme.scss.liquid.
Deploy complete @ Mon Oct 29 2018 09:24:06 GMT-0500 (CDT). added/changed 1 file(s): assets/theme.scss.liquid.
Deploy complete @ Mon Oct 29 2018 09:27:00 GMT-0500 (CDT). added/changed 1 file(s): assets/theme.scss.liquid.
Deploy complete @ Mon Oct 29 2018 09:30:57 GMT-0500 (CDT). added/changed 1 file(s): assets/theme.scss.liquid.
Deploy complete @ Mon Oct 29 2018 09:31:32 GMT-0500 (CDT). added/changed 1 file(s): assets/theme.scss.liquid.
Deploy complete @ Mon Oct 29 2018 09:40:18 GMT-0500 (CDT). added/changed 1 file(s): sections/static-header.liquid.
Deploy complete @ Mon Oct 29 2018 09:40:40 GMT-0500 (CDT). added/changed 1 file(s): assets/theme.scss.liquid.
Deploy complete @ Mon Oct 29 2018 09:41:09 GMT-0500 (CDT). added/changed 1 file(s): assets/theme.scss.liquid.
Deploy complete @ Mon Oct 29 2018 09:41:37 GMT-0500 (CDT). added/changed 1 file(s): sections/static-header.liquid.
Deploy complete @ Mon Oct 29 2018 09:42:24 GMT-0500 (CDT). added/changed 1 file(s): sections/static-header.liquid.
Deploy complete @ Mon Oct 29 2018 09:46:33 GMT-0500 (CDT). added/changed 1 file(s): sections/static-header.liquid.
Deploy complete @ Mon Oct 29 2018 09:50:51 GMT-0500 (CDT). added/changed 1 file(s): assets/theme.scss.liquid.
Deploy complete @ Mon Oct 29 2018 09:52:14 GMT-0500 (CDT). added/changed 1 file(s): assets/theme.scss.liquid.
Deploy complete @ Mon Oct 29 2018 09:52:19 GMT-0500 (CDT). added/changed 1 file(s): assets/theme.scss.liquid.
Deploy complete @ Mon Oct 29 2018 09:53:29 GMT-0500 (CDT). added/changed 1 file(s): assets/theme.scss.liquid.
Deploy complete @ Mon Oct 29 2018 09:56:13 GMT-0500 (CDT). added/changed 1 file(s): assets/theme.scss.liquid.
Deploy complete @ Mon Oct 29 2018 09:57:17 GMT-0500 (CDT). added/changed 1 file(s): assets/theme.scss.liquid.
Deploy complete @ Mon Oct 29 2018 10:05:01 GMT-0500 (CDT). added/changed 2 file(s): assets/theme.scss.liquid, assets/theme.scss.liquid.
Deploy complete @ Mon Oct 29 2018 10:05:29 GMT-0500 (CDT). added/changed 1 file(s): assets/theme.scss.liquid.
Deploy complete @ Mon Oct 29 2018 10:05:42 GMT-0500 (CDT). added/changed 1 file(s): assets/theme.scss.liquid.
Deploy complete @ Mon Oct 29 2018 10:05:57 GMT-0500 (CDT). added/changed 1 file(s): assets/theme.scss.liquid.
Deploy complete @ Mon Oct 29 2018 10:06:48 GMT-0500 (CDT). added/changed 1 file(s): assets/theme.scss.liquid.
Deploy complete @ Mon Oct 29 2018 10:06:50 GMT-0500 (CDT). added/changed 1 file(s): assets/theme.scss.liquid.
Deploy complete @ Mon Oct 29 2018 10:06:53 GMT-0500 (CDT). added/changed 1 file(s): assets/theme.scss.liquid.
Deploy complete @ Mon Oct 29 2018 10:10:07 GMT-0500 (CDT). added/changed 1 file(s): sections/static-footer.liquid.
Deploy complete @ Mon Oct 29 2018 10:15:12 GMT-0500 (CDT). added/changed 1 file(s): config/settings_schema.json.
Deploy complete @ Mon Oct 29 2018 10:16:12 GMT-0500 (CDT). added/changed 1 file(s): config/settings_schema.json.
Deploy complete @ Mon Oct 29 2018 10:17:54 GMT-0500 (CDT). added/changed 1 file(s): sections/static-footer.liquid.
Deploy complete @ Mon Oct 29 2018 10:19:43 GMT-0500 (CDT). added/changed 1 file(s): sections/static-footer.liquid.
Deploy complete @ Mon Oct 29 2018 10:24:53 GMT-0500 (CDT). added/changed 1 file(s): snippets/footer-block.liquid.
Deploy complete @ Mon Oct 29 2018 10:25:20 GMT-0500 (CDT). added/changed 1 file(s): snippets/footer-block.liquid.
Deploy complete @ Mon Oct 29 2018 10:26:45 GMT-0500 (CDT). added/changed 1 file(s): snippets/footer-block.liquid.
Deploy complete @ Mon Oct 29 2018 10:29:35 GMT-0500 (CDT). added/changed 1 file(s): sections/static-footer.liquid.
Deploy complete @ Mon Oct 29 2018 10:29:49 GMT-0500 (CDT). added/changed 1 file(s): sections/static-footer.liquid.
Deploy complete @ Mon Oct 29 2018 10:29:58 GMT-0500 (CDT). added/changed 1 file(s): sections/static-footer.liquid.
Deploy complete @ Mon Oct 29 2018 10:36:32 GMT-0500 (CDT). added/changed 1 file(s): sections/static-footer.liquid.
Deploy complete @ Mon Oct 29 2018 10:36:45 GMT-0500 (CDT). added/changed 1 file(s): sections/static-footer.liquid.
Deploy complete @ Mon Oct 29 2018 10:41:41 GMT-0500 (CDT). added/changed 1 file(s): sections/static-footer.liquid.
Deploy complete @ Mon Oct 29 2018 10:44:39 GMT-0500 (CDT). added/changed 1 file(s): sections/static-footer.liquid.
Deploy complete @ Mon Oct 29 2018 10:44:54 GMT-0500 (CDT). added/changed 1 file(s): snippets/footer-block-fullwidth-newsletter.liquid.
Deploy complete @ Mon Oct 29 2018 10:45:52 GMT-0500 (CDT). added/changed 1 file(s): sections/static-footer.liquid.
Deploy complete @ Mon Oct 29 2018 10:46:53 GMT-0500 (CDT). added/changed 1 file(s): sections/static-footer.liquid.
Deploy complete @ Mon Oct 29 2018 10:47:48 GMT-0500 (CDT). added/changed 1 file(s): sections/static-footer.liquid.
Deploy complete @ Mon Oct 29 2018 10:49:15 GMT-0500 (CDT). added/changed 1 file(s): sections/static-footer.liquid.
Deploy complete @ Mon Oct 29 2018 10:54:12 GMT-0500 (CDT). added/changed 1 file(s): sections/static-footer.liquid.
Deploy complete @ Mon Oct 29 2018 10:54:43 GMT-0500 (CDT). added/changed 1 file(s): snippets/newsletter_fullwidth.liquid.
Deploy complete @ Mon Oct 29 2018 10:55:11 GMT-0500 (CDT). added/changed 1 file(s): sections/static-footer.liquid.
Deploy complete @ Mon Oct 29 2018 10:55:52 GMT-0500 (CDT). removed 1 file(s): snippets/footer-block-fullwidth-newsletter.liquid.
Deploy complete @ Mon Oct 29 2018 11:00:39 GMT-0500 (CDT). added/changed 1 file(s): sections/static-footer.liquid.
Deploy complete @ Mon Oct 29 2018 11:02:16 GMT-0500 (CDT). added/changed 1 file(s): snippets/newsletter_fullwidth.liquid.
Deploy complete @ Mon Oct 29 2018 11:02:22 GMT-0500 (CDT). added/changed 1 file(s): snippets/newsletter_fullwidth.liquid.
Deploy complete @ Mon Oct 29 2018 11:03:23 GMT-0500 (CDT). added/changed 1 file(s): snippets/newsletter_fullwidth.liquid.
Deploy complete @ Mon Oct 29 2018 11:03:57 GMT-0500 (CDT). added/changed 1 file(s): snippets/newsletter_fullwidth.liquid.
Deploy complete @ Mon Oct 29 2018 11:05:20 GMT-0500 (CDT). added/changed 1 file(s): snippets/newsletter_fullwidth.liquid.
Deploy complete @ Mon Oct 29 2018 11:06:09 GMT-0500 (CDT). added/changed 1 file(s): snippets/newsletter_fullwidth.liquid.
Deploy complete @ Mon Oct 29 2018 11:11:55 GMT-0500 (CDT). added/changed 2 file(s): assets/theme.scss.liquid, assets/theme.scss.liquid.
Deploy complete @ Mon Oct 29 2018 11:12:03 GMT-0500 (CDT). added/changed 1 file(s): assets/theme.scss.liquid.
Deploy complete @ Mon Oct 29 2018 11:12:43 GMT-0500 (CDT). added/changed 1 file(s): snippets/newsletter_fullwidth.liquid.
Deploy complete @ Mon Oct 29 2018 11:13:02 GMT-0500 (CDT). added/changed 1 file(s): assets/theme.scss.liquid.
Deploy complete @ Mon Oct 29 2018 11:15:22 GMT-0500 (CDT). added/changed 1 file(s): assets/theme.scss.liquid.
Deploy complete @ Mon Oct 29 2018 11:15:44 GMT-0500 (CDT). added/changed 1 file(s): snippets/newsletter_fullwidth.liquid.
Deploy complete @ Mon Oct 29 2018 11:20:11 GMT-0500 (CDT). added/changed 1 file(s): assets/theme.scss.liquid.
Deploy complete @ Mon Oct 29 2018 11:20:37 GMT-0500 (CDT). added/changed 1 file(s): assets/theme.scss.liquid.
Deploy complete @ Mon Oct 29 2018 11:20:47 GMT-0500 (CDT). added/changed 1 file(s): assets/theme.scss.liquid.
Deploy complete @ Mon Oct 29 2018 11:21:22 GMT-0500 (CDT). added/changed 1 file(s): sections/static-footer.liquid.
Deploy complete @ Mon Oct 29 2018 11:21:54 GMT-0500 (CDT). added/changed 1 file(s): sections/static-footer.liquid.
Deploy complete @ Mon Oct 29 2018 11:22:45 GMT-0500 (CDT). added/changed 1 file(s): assets/theme.scss.liquid.
Deploy complete @ Mon Oct 29 2018 11:22:48 GMT-0500 (CDT). added/changed 1 file(s): assets/theme.scss.liquid.
Deploy complete @ Mon Oct 29 2018 11:23:25 GMT-0500 (CDT). added/changed 1 file(s): assets/theme.scss.liquid.
Deploy complete @ Mon Oct 29 2018 11:23:57 GMT-0500 (CDT). added/changed 1 file(s): assets/theme.scss.liquid.
Deploy complete @ Mon Oct 29 2018 11:24:47 GMT-0500 (CDT). added/changed 1 file(s): assets/theme.scss.liquid.
Deploy complete @ Mon Oct 29 2018 11:25:45 GMT-0500 (CDT). added/changed 1 file(s): assets/theme.scss.liquid.
Deploy complete @ Mon Oct 29 2018 11:26:43 GMT-0500 (CDT). added/changed 1 file(s): assets/theme.scss.liquid.
Deploy complete @ Mon Oct 29 2018 11:28:03 GMT-0500 (CDT). added/changed 1 file(s): assets/theme.scss.liquid.
Deploy complete @ Mon Oct 29 2018 11:28:12 GMT-0500 (CDT). added/changed 1 file(s): assets/theme.scss.liquid.
Deploy complete @ Mon Oct 29 2018 11:28:45 GMT-0500 (CDT). added/changed 1 file(s): assets/theme.scss.liquid.
Deploy complete @ Mon Oct 29 2018 11:29:09 GMT-0500 (CDT). added/changed 1 file(s): assets/theme.scss.liquid.
Deploy complete @ Mon Oct 29 2018 11:29:36 GMT-0500 (CDT). added/changed 1 file(s): assets/theme.scss.liquid.
Deploy complete @ Mon Oct 29 2018 11:30:05 GMT-0500 (CDT). added/changed 1 file(s): assets/theme.scss.liquid.
Deploy complete @ Mon Oct 29 2018 11:33:54 GMT-0500 (CDT). added/changed 1 file(s): assets/theme.scss.liquid.
Deploy complete @ Mon Oct 29 2018 11:35:16 GMT-0500 (CDT). added/changed 1 file(s): sections/static-footer.liquid.
Deploy complete @ Mon Oct 29 2018 11:36:35 GMT-0500 (CDT). added/changed 1 file(s): sections/static-footer.liquid.
Deploy complete @ Mon Oct 29 2018 11:38:23 GMT-0500 (CDT). added/changed 1 file(s): sections/static-footer.liquid.
Deploy complete @ Mon Oct 29 2018 11:39:13 GMT-0500 (CDT). added/changed 1 file(s): sections/static-footer.liquid.
Deploy complete @ Mon Oct 29 2018 11:40:23 GMT-0500 (CDT). added/changed 1 file(s): sections/static-footer.liquid.
Deploy complete @ Mon Oct 29 2018 11:42:52 GMT-0500 (CDT). added/changed 1 file(s): sections/static-footer.liquid.
Deploy complete @ Mon Oct 29 2018 11:44:07 GMT-0500 (CDT). added/changed 1 file(s): assets/theme.scss.liquid.
Deploy complete @ Mon Oct 29 2018 11:46:50 GMT-0500 (CDT). added/changed 1 file(s): sections/static-footer.liquid.
Deploy complete @ Mon Oct 29 2018 11:47:38 GMT-0500 (CDT). added/changed 1 file(s): sections/static-footer.liquid.
Deploy complete @ Mon Oct 29 2018 11:48:10 GMT-0500 (CDT). added/changed 1 file(s): assets/theme.scss.liquid.
Deploy complete @ Mon Oct 29 2018 11:48:33 GMT-0500 (CDT). added/changed 1 file(s): assets/theme.scss.liquid.
Deploy complete @ Mon Oct 29 2018 11:48:59 GMT-0500 (CDT). added/changed 1 file(s): assets/theme.scss.liquid.
Deploy complete @ Mon Oct 29 2018 11:49:06 GMT-0500 (CDT). added/changed 1 file(s): assets/theme.scss.liquid.
Deploy complete @ Mon Oct 29 2018 11:49:46 GMT-0500 (CDT). added/changed 1 file(s): assets/theme.scss.liquid.
Deploy complete @ Tue Oct 30 2018 17:08:25 GMT-0500 (CDT). added/changed 1 file(s): sections/static-footer.liquid.
Deploy complete @ Tue Oct 30 2018 17:14:58 GMT-0500 (CDT). added/changed 1 file(s): snippets/footer-block.liquid.
Deploy complete @ Tue Oct 30 2018 17:26:11 GMT-0500 (CDT). added/changed 1 file(s): sections/static-footer.liquid.
Deploy complete @ Tue Oct 30 2018 17:28:44 GMT-0500 (CDT). added/changed 1 file(s): sections/static-footer.liquid.
Deploy complete @ Tue Oct 30 2018 17:29:57 GMT-0500 (CDT). added/changed 1 file(s): sections/static-footer.liquid.
Deploy complete @ Tue Oct 30 2018 17:30:01 GMT-0500 (CDT). added/changed 1 file(s): sections/static-footer.liquid.
Deploy complete @ Tue Oct 30 2018 17:36:07 GMT-0500 (CDT). added/changed 1 file(s): sections/static-footer.liquid.
Deploy complete @ Tue Oct 30 2018 17:36:27 GMT-0500 (CDT). added/changed 1 file(s): sections/static-footer.liquid.
Deploy complete @ Tue Oct 30 2018 17:37:39 GMT-0500 (CDT). added/changed 1 file(s): sections/static-footer.liquid.
Deploy complete @ Tue Oct 30 2018 17:38:23 GMT-0500 (CDT). added/changed 1 file(s): assets/theme.scss.liquid.
Deploy complete @ Tue Oct 30 2018 17:39:01 GMT-0500 (CDT). added/changed 1 file(s): assets/theme.scss.liquid.
Deploy complete @ Tue Oct 30 2018 17:40:47 GMT-0500 (CDT). added/changed 1 file(s): assets/theme.scss.liquid.
Deploy complete @ Tue Oct 30 2018 17:40:53 GMT-0500 (CDT). added/changed 1 file(s): assets/theme.scss.liquid.
Deploy complete @ Tue Oct 30 2018 17:40:55 GMT-0500 (CDT). added/changed 1 file(s): assets/theme.scss.liquid.
Deploy complete @ Tue Oct 30 2018 17:43:35 GMT-0500 (CDT). added/changed 1 file(s): assets/theme.scss.liquid.
Deploy complete @ Tue Oct 30 2018 17:43:44 GMT-0500 (CDT). added/changed 1 file(s): assets/theme.scss.liquid.
Deploy complete @ Tue Oct 30 2018 17:43:50 GMT-0500 (CDT). added/changed 1 file(s): assets/theme.scss.liquid.
Deploy complete @ Tue Oct 30 2018 17:47:21 GMT-0500 (CDT). added/changed 1 file(s): assets/theme.scss.liquid.
Deploy complete @ Tue Oct 30 2018 17:47:48 GMT-0500 (CDT). added/changed 1 file(s): sections/static-footer.liquid.
Deploy complete @ Tue Oct 30 2018 17:49:01 GMT-0500 (CDT). added/changed 1 file(s): assets/theme.scss.liquid.
Deploy complete @ Tue Oct 30 2018 17:49:48 GMT-0500 (CDT). added/changed 1 file(s): assets/theme.scss.liquid.
Deploy complete @ Tue Oct 30 2018 17:49:55 GMT-0500 (CDT). added/changed 1 file(s): assets/theme.scss.liquid.
Deploy complete @ Tue Oct 30 2018 17:50:19 GMT-0500 (CDT). added/changed 1 file(s): assets/theme.scss.liquid.
Deploy complete @ Tue Oct 30 2018 17:50:42 GMT-0500 (CDT). added/changed 1 file(s): sections/static-footer.liquid.
Deploy complete @ Tue Oct 30 2018 17:51:11 GMT-0500 (CDT). added/changed 1 file(s): assets/theme.scss.liquid.
Deploy complete @ Tue Oct 30 2018 17:51:52 GMT-0500 (CDT). added/changed 1 file(s): assets/theme.scss.liquid.
Deploy complete @ Wed Oct 31 2018 05:15:25 GMT-0500 (CDT). added/changed 1 file(s): assets/theme.scss.liquid.
Deploy complete @ Wed Oct 31 2018 05:15:52 GMT-0500 (CDT). added/changed 1 file(s): assets/theme.scss.liquid.
Deploy complete @ Wed Oct 31 2018 08:30:39 GMT-0500 (CDT). added/changed 1 file(s): sections/static-footer.liquid.
Deploy complete @ Wed Oct 31 2018 08:35:37 GMT-0500 (CDT). added/changed 1 file(s): assets/theme.scss.liquid.
Deploy complete @ Wed Oct 31 2018 08:37:01 GMT-0500 (CDT). added/changed 1 file(s): assets/theme.scss.liquid.
Deploy complete @ Wed Oct 31 2018 08:37:48 GMT-0500 (CDT). added/changed 1 file(s): assets/theme.scss.liquid.
Deploy complete @ Wed Oct 31 2018 08:38:27 GMT-0500 (CDT). added/changed 1 file(s): assets/theme.scss.liquid.
Deploy complete @ Wed Oct 31 2018 08:38:36 GMT-0500 (CDT). added/changed 1 file(s): sections/static-footer.liquid.
Deploy complete @ Wed Oct 31 2018 08:39:37 GMT-0500 (CDT). added/changed 1 file(s): assets/theme.scss.liquid.
Deploy complete @ Wed Oct 31 2018 09:09:05 GMT-0500 (CDT). added/changed 1 file(s): snippets/breadcrumbs.liquid.
Deploy complete @ Wed Oct 31 2018 09:22:56 GMT-0500 (CDT). added/changed 2 file(s): assets/theme.scss.liquid, assets/theme.scss.liquid.
Deploy complete @ Wed Oct 31 2018 09:23:26 GMT-0500 (CDT). added/changed 1 file(s): assets/theme.scss.liquid.
Deploy complete @ Wed Oct 31 2018 09:23:28 GMT-0500 (CDT). added/changed 1 file(s): assets/theme.scss.liquid.
Deploy complete @ Wed Oct 31 2018 09:24:20 GMT-0500 (CDT). added/changed 1 file(s): assets/theme.scss.liquid.
Deploy complete @ Wed Oct 31 2018 09:25:06 GMT-0500 (CDT). added/changed 1 file(s): assets/theme.scss.liquid.
Deploy complete @ Wed Oct 31 2018 09:25:39 GMT-0500 (CDT). added/changed 1 file(s): assets/theme.scss.liquid.
Deploy complete @ Wed Oct 31 2018 09:27:53 GMT-0500 (CDT). added/changed 1 file(s): snippets/product.liquid.
Deploy complete @ Wed Oct 31 2018 09:30:44 GMT-0500 (CDT). added/changed 1 file(s): snippets/product.liquid.
Deploy complete @ Wed Oct 31 2018 09:35:23 GMT-0500 (CDT). added/changed 1 file(s): snippets/product.liquid.
Deploy complete @ Wed Oct 31 2018 09:37:32 GMT-0500 (CDT). added/changed 1 file(s): assets/theme.scss.liquid.
Deploy complete @ Wed Oct 31 2018 09:37:58 GMT-0500 (CDT). added/changed 1 file(s): assets/theme.scss.liquid.
Deploy complete @ Wed Oct 31 2018 09:38:08 GMT-0500 (CDT). added/changed 1 file(s): assets/theme.scss.liquid.
Deploy complete @ Wed Oct 31 2018 09:38:31 GMT-0500 (CDT). added/changed 1 file(s): assets/theme.scss.liquid.
Deploy complete @ Wed Oct 31 2018 09:40:26 GMT-0500 (CDT). added/changed 1 file(s): assets/theme.scss.liquid.
Deploy complete @ Wed Oct 31 2018 09:42:20 GMT-0500 (CDT). added/changed 1 file(s): snippets/product.liquid.
Deploy complete @ Wed Oct 31 2018 09:42:54 GMT-0500 (CDT). added/changed 1 file(s): assets/theme.scss.liquid.
Deploy complete @ Wed Oct 31 2018 09:43:18 GMT-0500 (CDT). added/changed 1 file(s): assets/theme.scss.liquid.
Deploy complete @ Wed Oct 31 2018 09:45:15 GMT-0500 (CDT). added/changed 1 file(s): assets/theme.scss.liquid.
Deploy complete @ Wed Oct 31 2018 10:01:21 GMT-0500 (CDT). added/changed 1 file(s): sections/static-product.liquid.
Deploy complete @ Wed Oct 31 2018 10:03:13 GMT-0500 (CDT). added/changed 1 file(s): sections/static-product.liquid.
Deploy complete @ Wed Oct 31 2018 10:05:39 GMT-0500 (CDT). added/changed 1 file(s): snippets/product.liquid.
Deploy complete @ Wed Oct 31 2018 10:09:02 GMT-0500 (CDT). added/changed 1 file(s): snippets/product.liquid.
Deploy complete @ Wed Oct 31 2018 10:12:53 GMT-0500 (CDT). added/changed 1 file(s): sections/static-product.liquid.
Deploy complete @ Wed Oct 31 2018 10:18:15 GMT-0500 (CDT). added/changed 1 file(s): templates/product.liquid.
Deploy complete @ Wed Oct 31 2018 10:20:52 GMT-0500 (CDT). added/changed 1 file(s): sections/static-product.liquid.
Deploy complete @ Wed Oct 31 2018 10:59:11 GMT-0500 (CDT). added/changed 1 file(s): templates/product.liquid.
Deploy complete @ Wed Oct 31 2018 11:01:42 GMT-0500 (CDT). added/changed 1 file(s): snippets/product.liquid.
Deploy complete @ Wed Oct 31 2018 11:01:59 GMT-0500 (CDT). added/changed 1 file(s): snippets/product.liquid.
Deploy complete @ Wed Oct 31 2018 11:03:09 GMT-0500 (CDT). added/changed 1 file(s): snippets/product.liquid.
Deploy complete @ Wed Oct 31 2018 11:04:17 GMT-0500 (CDT). added/changed 1 file(s): snippets/product.liquid.
Deploy complete @ Wed Oct 31 2018 11:07:19 GMT-0500 (CDT). added/changed 1 file(s): snippets/product.liquid.
Deploy complete @ Wed Oct 31 2018 11:08:28 GMT-0500 (CDT). added/changed 1 file(s): assets/theme.scss.liquid.
Deploy complete @ Wed Oct 31 2018 11:09:26 GMT-0500 (CDT). added/changed 1 file(s): assets/theme.scss.liquid.
Deploy complete @ Wed Oct 31 2018 11:09:51 GMT-0500 (CDT). added/changed 1 file(s): assets/theme.scss.liquid.
Deploy complete @ Wed Oct 31 2018 12:43:05 GMT-0500 (CDT). added/changed 1 file(s): snippets/product.liquid.
Deploy complete @ Wed Oct 31 2018 12:45:09 GMT-0500 (CDT). added/changed 1 file(s): snippets/product.liquid.
Deploy complete @ Wed Oct 31 2018 12:45:37 GMT-0500 (CDT). added/changed 1 file(s): snippets/product.liquid.
Deploy complete @ Wed Oct 31 2018 12:46:06 GMT-0500 (CDT). added/changed 1 file(s): assets/theme.scss.liquid.
Deploy complete @ Wed Oct 31 2018 12:46:45 GMT-0500 (CDT). added/changed 1 file(s): assets/theme.scss.liquid.
Deploy complete @ Wed Oct 31 2018 12:46:51 GMT-0500 (CDT). added/changed 1 file(s): assets/theme.scss.liquid.
Deploy complete @ Wed Oct 31 2018 12:47:18 GMT-0500 (CDT). added/changed 1 file(s): assets/theme.scss.liquid.
Deploy complete @ Wed Oct 31 2018 12:47:45 GMT-0500 (CDT). added/changed 1 file(s): assets/theme.scss.liquid.
Deploy complete @ Wed Oct 31 2018 12:48:09 GMT-0500 (CDT). added/changed 1 file(s): assets/theme.scss.liquid.
Deploy complete @ Wed Oct 31 2018 12:48:21 GMT-0500 (CDT). added/changed 1 file(s): assets/theme.scss.liquid.
Deploy complete @ Wed Oct 31 2018 12:48:35 GMT-0500 (CDT). added/changed 1 file(s): assets/theme.scss.liquid.
Deploy complete @ Wed Oct 31 2018 12:49:01 GMT-0500 (CDT). added/changed 1 file(s): assets/theme.scss.liquid.
Deploy complete @ Wed Oct 31 2018 12:49:33 GMT-0500 (CDT). added/changed 2 file(s): assets/theme.scss.liquid, assets/theme.scss.liquid.
Deploy complete @ Wed Oct 31 2018 12:49:56 GMT-0500 (CDT). added/changed 1 file(s): assets/theme.scss.liquid.
Deploy complete @ Wed Oct 31 2018 12:55:57 GMT-0500 (CDT). added/changed 2 file(s): assets/theme.scss.liquid, assets/theme.scss.liquid.
Deploy complete @ Wed Oct 31 2018 12:56:06 GMT-0500 (CDT). added/changed 1 file(s): assets/theme.scss.liquid.
Deploy complete @ Wed Oct 31 2018 12:56:15 GMT-0500 (CDT). added/changed 1 file(s): assets/theme.scss.liquid.
